Using pre-set license
Built from '2020.3/staging' branch; Version is '2020.3.16f1 (049d6eca3c44) revision 302446'; Using compiler version '192528614'; Build Type 'Release'
OS: 'Windows 10 Home; OS build 19042.1466; Version 2009; 64bit' Language: 'en' Physical Memory: 16242 MB
BatchMode: 1, IsHumanControllingUs: 0, StartBugReporterOnCrash: 0, Is64bit: 1, IsPro: 0

 COMMAND LINE ARGUMENTS:
C:\Program Files\Unity\Hub\Editor\2020.3.16f1\Editor\Unity.exe
-adb2
-batchMode
-noUpm
-name
AssetImportWorker0
-projectPath
D:/Documents/GDD411/411/Aaron_Revision/Aaron_Revision
-logFile
Logs/AssetImportWorker0.log
-srvPort
55672
Successfully changed project path to: D:/Documents/GDD411/411/Aaron_Revision/Aaron_Revision
D:/Documents/GDD411/411/Aaron_Revision/Aaron_Revision
Using Asset Import Pipeline V2.
Refreshing native plugins compatible for Editor in 32.52 ms, found 2 plugins.
Preloading 0 native plugins for Editor in 0.00 ms.
Initialize engine version: 2020.3.16f1 (049d6eca3c44)
[Subsystems] Discovering subsystems at path C:/Program Files/Unity/Hub/Editor/2020.3.16f1/Editor/Data/Resources/UnitySubsystems
[Subsystems] Discovering subsystems at path D:/Documents/GDD411/411/Aaron_Revision/Aaron_Revision/Assets
GfxDevice: creating device client; threaded=0
Direct3D:
    Version:  Direct3D 11.0 [level 11.1]
    Renderer: NVIDIA GeForce GTX 1070 (ID=0x1be1)
    Vendor:   
    VRAM:     8081 MB
    Driver:   30.0.14.7135
Initialize mono
Mono path[0] = 'C:/Program Files/Unity/Hub/Editor/2020.3.16f1/Editor/Data/Managed'
Mono path[1] = 'C:/Program Files/Unity/Hub/Editor/2020.3.16f1/Editor/Data/MonoBleedingEdge/lib/mono/unityjit'
Mono config path = 'C:/Program Files/Unity/Hub/Editor/2020.3.16f1/Editor/Data/MonoBleedingEdge/etc'
Using monoOptions --debugger-agent=transport=dt_socket,embedding=1,server=y,suspend=n,address=127.0.0.1:56140
Begin MonoManager ReloadAssembly
Registering precompiled unity dll's ...
Register platform support module: C:/Program Files/Unity/Hub/Editor/2020.3.16f1/Editor/Data/PlaybackEngines/WebGLSupport/UnityEditor.WebGL.Extensions.dll
Register platform support module: C:/Program Files/Unity/Hub/Editor/2020.3.16f1/Editor/Data/PlaybackEngines/WindowsStandaloneSupport/UnityEditor.WindowsStandalone.Extensions.dll
Registered in 0.003135 seconds.
Native extension for WindowsStandalone target not found
Native extension for WebGL target not found
Refreshing native plugins compatible for Editor in 29.65 ms, found 2 plugins.
Preloading 0 native plugins for Editor in 0.00 ms.
Mono: successfully reloaded assembly
- Completed reload, in  1.141 seconds
Domain Reload Profiling:
	ReloadAssembly (1141ms)
		BeginReloadAssembly (57ms)
			ExecutionOrderSort (0ms)
			DisableScriptedObjects (0ms)
			BackupInstance (0ms)
			ReleaseScriptingObjects (0ms)
			CreateAndSetChildDomain (1ms)
		EndReloadAssembly (376ms)
			LoadAssemblies (55ms)
			RebuildTransferFunctionScriptingTraits (0ms)
			SetupTypeCache (141ms)
			ReleaseScriptCaches (0ms)
			RebuildScriptCaches (27ms)
			SetupLoadedEditorAssemblies (139ms)
				LogAssemblyErrors (0ms)
				InitializePlatformSupportModulesInManaged (4ms)
				SetLoadedEditorAssemblies (0ms)
				RefreshPlugins (30ms)
				BeforeProcessingInitializeOnLoad (8ms)
				ProcessInitializeOnLoadAttributes (71ms)
				ProcessInitializeOnLoadMethodAttributes (26ms)
				AfterProcessingInitializeOnLoad (0ms)
				EditorAssembliesLoaded (0ms)
			ExecutionOrderSort2 (0ms)
			AwakeInstancesAfterBackupRestoration (0ms)
Platform modules already initialized, skipping
Registering precompiled user dll's ...
Registered in 0.003605 seconds.
Begin MonoManager ReloadAssembly
Native extension for WindowsStandalone target not found
Native extension for WebGL target not found
Refreshing native plugins compatible for Editor in 0.33 ms, found 2 plugins.
Preloading 0 native plugins for Editor in 0.00 ms.
Mono: successfully reloaded assembly
- Completed reload, in  1.030 seconds
Domain Reload Profiling:
	ReloadAssembly (1031ms)
		BeginReloadAssembly (141ms)
			ExecutionOrderSort (0ms)
			DisableScriptedObjects (4ms)
			BackupInstance (0ms)
			ReleaseScriptingObjects (0ms)
			CreateAndSetChildDomain (17ms)
		EndReloadAssembly (831ms)
			LoadAssemblies (85ms)
			RebuildTransferFunctionScriptingTraits (0ms)
			SetupTypeCache (264ms)
			ReleaseScriptCaches (0ms)
			RebuildScriptCaches (45ms)
			SetupLoadedEditorAssemblies (356ms)
				LogAssemblyErrors (0ms)
				InitializePlatformSupportModulesInManaged (6ms)
				SetLoadedEditorAssemblies (0ms)
				RefreshPlugins (0ms)
				BeforeProcessingInitializeOnLoad (50ms)
				ProcessInitializeOnLoadAttributes (282ms)
				ProcessInitializeOnLoadMethodAttributes (9ms)
				AfterProcessingInitializeOnLoad (9ms)
				EditorAssembliesLoaded (0ms)
			ExecutionOrderSort2 (0ms)
			AwakeInstancesAfterBackupRestoration (6ms)
Platform modules already initialized, skipping
========================================================================
Worker process is ready to serve import requests
Launched and connected shader compiler UnityShaderCompiler.exe after 0.05 seconds
Refreshing native plugins compatible for Editor in 0.35 ms, found 2 plugins.
Preloading 0 native plugins for Editor in 0.00 ms.
Unloading 1614 Unused Serialized files (Serialized files now loaded: 0)
System memory in use before: 72.9 MB.
System memory in use after: 73.0 MB.

Unloading 23 unused Assets to reduce memory usage. Loaded Objects now: 2050.
Total: 2.848900 ms (FindLiveObjects: 0.166700 ms CreateObjectMapping: 0.044600 ms MarkObjects: 2.564200 ms  DeleteObjects: 0.072300 ms)

AssetImportParameters requested are different than current active one (requested -> active):
  custom:framework-win-MediaFoundation: 216162199b28c13a410421893ffa2e32 -> 
  custom:video-decoder-ogg-theora: a1e56fd34408186e4bbccfd4996cb3dc -> 
  custom:container-muxer-webm: aa71ff27fc2769a1b78a27578f13a17b -> 
  custom:container-demuxer-webm: 4f35f7cbe854078d1ac9338744f61a02 -> 
  custom:container-demuxer-ogg: 62fdf1f143b41e24485cea50d1cbac27 -> 
  custom:video-encoder-webm-vp8: eb34c28f22e8b96e1ab97ce403110664 -> 
  custom:video-codec-MediaFoundation-h265: 746d11721c4dcdbdad8f713fa42b33f4 -> 
  custom:video-decoder-webm-vp8: 9c59270c3fd7afecdb556c50c9e8de78 -> 
  custom:audio-decoder-ogg-vorbis: bf7c407c2cedff20999df2af8eb42d56 -> 
  custom:audio-encoder-webm-vorbis: bf7c407c2cedff20999df2af8eb42d56 -> 
========================================================================
Received Import Request.
  path: Assets/Scenes
  artifactKey: Guid(8052fcc12cefe8241a51bd7b69085d4d) Importer(815301076,1909f56bfc062723c751e8b465ee728b)
Start importing Assets/Scenes using Guid(8052fcc12cefe8241a51bd7b69085d4d) Importer(815301076,1909f56bfc062723c751e8b465ee728b)  -> (artifact id: '2357dc5f1977edd33da1583029e3ce53') in 0.004238 seconds 
  Import took 0.027048 seconds .

========================================================================
Received Import Request.
  Time since last request: 17.299206 seconds.
  path: Assets/Scenes/images
  artifactKey: Guid(69e8b4a2855fa2c4ca016d9a9cda0c01) Importer(815301076,1909f56bfc062723c751e8b465ee728b)
Start importing Assets/Scenes/images using Guid(69e8b4a2855fa2c4ca016d9a9cda0c01) Importer(815301076,1909f56bfc062723c751e8b465ee728b)  -> (artifact id: 'ba4e135381242ef77389dd0e809d73c9') in 0.002030 seconds 
  Import took 0.004750 seconds .

========================================================================
Received Import Request.
  Time since last request: 9.911220 seconds.
  path: Assets/Scenes/images/idle
  artifactKey: Guid(d2858762d592a81468c2b6954fd27ad3) Importer(815301076,1909f56bfc062723c751e8b465ee728b)
Start importing Assets/Scenes/images/idle using Guid(d2858762d592a81468c2b6954fd27ad3) Importer(815301076,1909f56bfc062723c751e8b465ee728b)  -> (artifact id: 'fb318f04b05fcb90cae6802a0b86f7a5') in 0.002285 seconds 
  Import took 0.005160 seconds .

========================================================================
Received Import Request.
  Time since last request: 13.952098 seconds.
  path: Assets/Scenes/images/idle/Chad_idle1.png
  artifactKey: Guid(9e5c8427eda083c4bba3775fcbdcb395) Importer(815301076,1909f56bfc062723c751e8b465ee728b)
Start importing Assets/Scenes/images/idle/Chad_idle1.png using Guid(9e5c8427eda083c4bba3775fcbdcb395) Importer(815301076,1909f56bfc062723c751e8b465ee728b)  -> (artifact id: '7e68dbf5d644fc5e522070ba11b553de') in 0.154766 seconds 
  Import took 0.157245 seconds .

========================================================================
Received Import Request.
  Time since last request: 0.000343 seconds.
  path: Assets/Scenes/images/idle/Chad_idle4.png
  artifactKey: Guid(59a224d2f565d4a4a831a3d8c2ab989c) Importer(815301076,1909f56bfc062723c751e8b465ee728b)
Start importing Assets/Scenes/images/idle/Chad_idle4.png using Guid(59a224d2f565d4a4a831a3d8c2ab989c) Importer(815301076,1909f56bfc062723c751e8b465ee728b)  -> (artifact id: '36b4962996efbb799f6795d534378067') in 0.012403 seconds 
  Import took 0.014836 seconds .

========================================================================
Received Import Request.
  Time since last request: 0.000264 seconds.
  path: Assets/Scenes/images/idle/Chad_idle3.png
  artifactKey: Guid(33b69ffcf19807642ba34d4125b7dba1) Importer(815301076,1909f56bfc062723c751e8b465ee728b)
Start importing Assets/Scenes/images/idle/Chad_idle3.png using Guid(33b69ffcf19807642ba34d4125b7dba1) Importer(815301076,1909f56bfc062723c751e8b465ee728b)  -> (artifact id: '1bd48ba815f65b23a8a0558281813d01') in 0.010569 seconds 
  Import took 0.013304 seconds .

========================================================================
Received Import Request.
  Time since last request: 0.000209 seconds.
  path: Assets/Scenes/images/idle/Chad_idle2.png
  artifactKey: Guid(fd3ea6b7d4ac1384eb4f7b4cd2d54cfb) Importer(815301076,1909f56bfc062723c751e8b465ee728b)
Start importing Assets/Scenes/images/idle/Chad_idle2.png using Guid(fd3ea6b7d4ac1384eb4f7b4cd2d54cfb) Importer(815301076,1909f56bfc062723c751e8b465ee728b)  -> (artifact id: 'ad01d47486c0b7a32cec89fa1f3fa53a') in 0.010467 seconds 
  Import took 0.014749 seconds .

========================================================================
Received Import Request.
  Time since last request: 0.000189 seconds.
  path: Assets/Scenes/images/idle/Chad_idle5.png
  artifactKey: Guid(30409f0cd9529d34d92e4d935c00faa2) Importer(815301076,1909f56bfc062723c751e8b465ee728b)
Start importing Assets/Scenes/images/idle/Chad_idle5.png using Guid(30409f0cd9529d34d92e4d935c00faa2) Importer(815301076,1909f56bfc062723c751e8b465ee728b)  -> (artifact id: 'f5f08177e6149d5c3d719ebab959846b') in 0.010976 seconds 
  Import took 0.013871 seconds .

========================================================================
Received Import Request.
  Time since last request: 0.000241 seconds.
  path: Assets/Scenes/images/idle/Chad_idle6.png
  artifactKey: Guid(c7357d44da2aeea4dbf8b668e26052cd) Importer(815301076,1909f56bfc062723c751e8b465ee728b)
Start importing Assets/Scenes/images/idle/Chad_idle6.png using Guid(c7357d44da2aeea4dbf8b668e26052cd) Importer(815301076,1909f56bfc062723c751e8b465ee728b)  -> (artifact id: '2e597104dc78cf4ecc31f57fc4cde2a7') in 0.010161 seconds 
  Import took 0.013222 seconds .

